<?xml version="1.0" encoding="UTF-8"?>
<!-- Generated by org.testng.reporters.JUnitXMLReporter -->
<testsuite ignored="0" hostname="Sagars-MacBook-Air.local" failures="0" tests="2" name="AutomationExercise" time="19.836" errors="0" timestamp="2026-04-22T11:49:56 IST">
  <testcase classname="com.sagar.project.tests.LoginTest" name="testInvalidLogin" time="2.738"/>
  <testcase classname="com.sagar.project.tests.LoginTest" name="testUserLogin" time="7.988"/>
</testsuite> <!-- AutomationExercise -->
