<?xml version="1.0" encoding="UTF-8"?>
<!-- Generated by org.testng.reporters.JUnitXMLReporter -->
<testsuite ignored="0" hostname="Sagars-MacBook-Air.local" failures="0" tests="3" name="AutomationExercise" time="31.762" errors="0" timestamp="2026-04-22T13:06:12 IST">
  <testcase classname="com.sagar.project.tests.RegisterUser" name="testUserRegistration" time="8.419"/>
  <testcase classname="com.sagar.project.tests.LoginTest" name="testInvalidLogin" time="2.336"/>
  <testcase classname="com.sagar.project.tests.LoginTest" name="testUserLogin" time="6.939"/>
</testsuite> <!-- AutomationExercise -->
