<?xml version="1.0" encoding="UTF-8"?>
<testng-results ignored="0" total="2" passed="2" failed="0" skipped="0">
  <reporter-output>
  </reporter-output>
  <suite started-at="2026-04-22T11:49:36 IST" name="TestSuite" finished-at="2026-04-22T11:49:56 IST" duration-ms="19836">
    <groups>
    </groups>
    <test started-at="2026-04-22T11:49:36 IST" name="AutomationExercise" finished-at="2026-04-22T11:49:56 IST" duration-ms="19836">
      <class name="com.sagar.project.tests.LoginTest">
        <test-method is-config="true" signature="setup()[pri:0, instance:com.sagar.project.tests.LoginTest@77167fb7]" started-at="2026-04-22T11:49:36 IST" name="setup" finished-at="2026-04-22T11:49:45 IST" duration-ms="8729" status="PASS">
          <reporter-output>
          </reporter-output>
        </test-method> <!-- setup -->
        <test-method signature="testInvalidLogin()[pri:0, instance:com.sagar.project.tests.LoginTest@77167fb7]" started-at="2026-04-22T11:49:45 IST" name="testInvalidLogin" description="Test Case 3: Login with invalid credentials
1. Launch browser
2. Navigate to url
3. Verify home page visibility
4. Click Signup/Login
5. Verify &#039;Login to your account&#039; visibility
6. Enter incorrect email/password
7. Click Login
8. Verify &#039;Please enter correct email or password&#039; error message" finished-at="2026-04-22T11:49:48 IST" duration-ms="2738" status="PASS">
          <reporter-output>
          </reporter-output>
        </test-method> <!-- testInvalidLogin -->
        <test-method signature="testUserLogin()[pri:0, instance:com.sagar.project.tests.LoginTest@77167fb7]" started-at="2026-04-22T11:49:48 IST" name="testUserLogin" description="Test Case 2: Login with valid credentials
1. Launch browser
2. Navigate to url
3. Verify home page visibility
4. Click Signup/Login
5. Verify &#039;Login to your account&#039; visibility
6. Enter correct email/password
7. Click Login
8. Verify &#039;Logged in as username&#039; visibility
9. Click Logout
10. Verify home page visibility" finished-at="2026-04-22T11:49:56 IST" duration-ms="7988" status="PASS">
          <reporter-output>
          </reporter-output>
        </test-method> <!-- testUserLogin -->
        <test-method is-config="true" signature="tearDown()[pri:0, instance:com.sagar.project.tests.LoginTest@77167fb7]" started-at="2026-04-22T11:49:56 IST" name="tearDown" finished-at="2026-04-22T11:49:56 IST" duration-ms="351" status="PASS">
          <reporter-output>
          </reporter-output>
        </test-method> <!-- tearDown -->
      </class> <!-- com.sagar.project.tests.LoginTest -->
    </test> <!-- AutomationExercise -->
  </suite> <!-- TestSuite -->
</testng-results>
