<?xml version="1.0" encoding="UTF-8"?>
<testng-results ignored="0" total="1" passed="1" failed="0" skipped="0">
  <reporter-output>
  </reporter-output>
  <suite started-at="2026-04-21T12:20:25 IST" name="TestSuite" finished-at="2026-04-21T12:20:47 IST" duration-ms="21493">
    <groups>
    </groups>
    <test started-at="2026-04-21T12:20:25 IST" name="AutomationExercise" finished-at="2026-04-21T12:20:47 IST" duration-ms="21493">
      <class name="com.sagar.project.tests.RegisterUser">
        <test-method is-config="true" signature="setup()[pri:0, instance:com.sagar.project.tests.RegisterUser@23529fee]" started-at="2026-04-21T12:20:25 IST" name="setup" finished-at="2026-04-21T12:20:35 IST" duration-ms="9584" status="PASS">
          <reporter-output>
          </reporter-output>
        </test-method> <!-- setup -->
        <test-method signature="testUserRegistration()[pri:0, instance:com.sagar.project.tests.RegisterUser@23529fee]" started-at="2026-04-21T12:20:35 IST" name="testUserRegistration" finished-at="2026-04-21T12:20:46 IST" duration-ms="11410" status="PASS">
          <reporter-output>
          </reporter-output>
        </test-method> <!-- testUserRegistration -->
        <test-method is-config="true" signature="tearDown()[pri:0, instance:com.sagar.project.tests.RegisterUser@23529fee]" started-at="2026-04-21T12:20:46 IST" name="tearDown" finished-at="2026-04-21T12:20:47 IST" duration-ms="479" status="PASS">
          <reporter-output>
          </reporter-output>
        </test-method> <!-- tearDown -->
      </class> <!-- com.sagar.project.tests.RegisterUser -->
    </test> <!-- AutomationExercise -->
  </suite> <!-- TestSuite -->
</testng-results>
