<?xml version="1.0" encoding="UTF-8"?>
<!-- Generated by org.testng.reporters.JUnitReportReporter -->
<testsuite hostname="Sagars-MacBook-Air.local" failures="0" tests="2" name="com.sagar.project.tests.LoginTest" time="10.726" errors="0" timestamp="2026-04-22T11:49:56 IST" skipped="0">
  <testcase classname="com.sagar.project.tests.LoginTest" name="testInvalidLogin" time="2.738"/>
  <testcase classname="com.sagar.project.tests.LoginTest" name="testUserLogin" time="7.988"/>
</testsuite> <!-- com.sagar.project.tests.LoginTest -->
