<?xml version="1.0" encoding="UTF-8"?>
<!-- Generated by org.testng.reporters.JUnitReportReporter -->
<testsuite hostname="Sagars-MacBook-Air.local" failures="0" tests="2" name="com.sagar.project.tests.LoginTest" time="9.275" errors="0" timestamp="2026-04-22T13:06:12 IST" skipped="0">
  <testcase classname="com.sagar.project.tests.LoginTest" name="testInvalidLogin" time="2.336"/>
  <testcase classname="com.sagar.project.tests.LoginTest" name="testUserLogin" time="6.939"/>
</testsuite> <!-- com.sagar.project.tests.LoginTest -->
